Sat Jun 05 12:24:31 UTC 2021 - Executing "python3 /openLANE_flow/scripts/extract_metal_layers.py -t /home/merl-tools/openlane-v0.15/pdk/sky130A/libs.ref/sky130_fd_sc_hd/techlef/sky130_fd_sc_hd.tlef -o /openLANE_flow/designs/azadi-verilog/runs/sv2v-newpull/tmp/met_layers_list.txt"

Sat Jun 05 12:24:31 UTC 2021 - Executing "/openLANE_flow/scripts/mergeLef.py -i /home/merl-tools/openlane-v0.15/pdk/sky130A/libs.ref/sky130_fd_sc_hd/techlef/sky130_fd_sc_hd.tlef {/home/merl-tools/openlane-v0.15/pdk/sky130A/libs.ref/sky130_fd_sc_hd/lef/sky130_fd_sc_hd.lef /home/merl-tools/openlane-v0.15/pdk/sky130A/libs.ref/sky130_fd_sc_hd/lef/sky130_ef_sc_hd__decap_12.lef /home/merl-tools/openlane-v0.15/pdk/sky130A/libs.ref/sky130_fd_sc_hd/lef/sky130_ef_sc_hd__fakediode_2.lef /home/merl-tools/openlane-v0.15/pdk/sky130A/libs.ref/sky130_fd_sc_hd/lef/sky130_ef_sc_hd__fill_12.lef} -o /openLANE_flow/designs/azadi-verilog/runs/sv2v-newpull/tmp/merged_unpadded.lef |& tee >&@stdout"

Sat Jun 05 12:24:31 UTC 2021 - Executing "/openLANE_flow/scripts/libtrim.pl /home/merl-tools/openlane-v0.15/pdk/sky130A/libs.ref/sky130_fd_sc_hd/lib/sky130_fd_sc_hd__tt_025C_1v80.lib /openLANE_flow/designs/azadi-verilog/runs/sv2v-newpull/tmp/trimmed.lib.exclude.list > /openLANE_flow/designs/azadi-verilog/runs/sv2v-newpull/tmp/trimmed.lib"

Sat Jun 05 12:24:31 UTC 2021 - Executing "echo {openlane v0.15} > /openLANE_flow/designs/azadi-verilog/runs/sv2v-newpull/OPENLANE_VERSION"

Sat Jun 05 12:24:38 UTC 2021 - Executing "sed -E {s/^([[:space:]]+)pg_pin(.*)/\1pin\2\n\1    direction : "inout";/g} /home/merl-tools/openlane-v0.15/pdk/sky130A/libs.ref/sky130_fd_sc_hd/lib/sky130_fd_sc_hd__tt_025C_1v80.lib > /openLANE_flow/designs/azadi-verilog/runs/sv2v-newpull/tmp/sky130_fd_sc_hd__tt_025C_1v80.no_pg.lib"

Sat Jun 05 12:24:38 UTC 2021 - Executing "yosys -c /openLANE_flow/scripts/synth.tcl -l /openLANE_flow/designs/azadi-verilog/runs/sv2v-newpull/logs/synthesis/1-yosys.log |& tee >&@stdout"

Sat Jun 05 12:25:55 UTC 2021 - Executing "python3 /openLANE_flow/report_generation_wrapper.py -d /openLANE_flow/designs/azadi-verilog -dn azadi_soc_top -t sv2v-newpull -o /openLANE_flow/designs/azadi-verilog/runs/sv2v-newpull/reports/final_summary_report.csv -m /openLANE_flow/designs/azadi-verilog/runs/sv2v-newpull/reports/manufacturability_report.rpt -rs /openLANE_flow/designs/azadi-verilog/runs/sv2v-newpull/reports/runtime_summary_report.rpt -r /openLANE_flow/designs/azadi-verilog/runs/sv2v-newpull"

Sat Jun 05 12:41:05 UTC 2021 - Executing "sed -E {s/^([[:space:]]+)pg_pin(.*)/\1pin\2\n\1    direction : "inout";/g} /home/merl-tools/openlane-v0.15/pdk/sky130A/libs.ref/sky130_fd_sc_hd/lib/sky130_fd_sc_hd__tt_025C_1v80.lib > /openLANE_flow/designs/azadi-verilog/runs/sv2v-newpull/tmp/sky130_fd_sc_hd__tt_025C_1v80.no_pg.lib"

Sat Jun 05 12:41:06 UTC 2021 - Executing "yosys -c /openLANE_flow/scripts/synth.tcl -l /openLANE_flow/designs/azadi-verilog/runs/sv2v-newpull/logs/synthesis/2-yosys.log |& tee >&@stdout"

Sat Jun 05 12:45:36 UTC 2021 - Executing "sed -E {s/^([[:space:]]+)pg_pin(.*)/\1pin\2\n\1    direction : "inout";/g} /home/merl-tools/openlane-v0.15/pdk/sky130A/libs.ref/sky130_fd_sc_hd/lib/sky130_fd_sc_hd__tt_025C_1v80.lib > /openLANE_flow/designs/azadi-verilog/runs/sv2v-newpull/tmp/sky130_fd_sc_hd__tt_025C_1v80.no_pg.lib"

Sat Jun 05 12:45:37 UTC 2021 - Executing "yosys -c /openLANE_flow/scripts/synth.tcl -l /openLANE_flow/designs/azadi-verilog/runs/sv2v-newpull/logs/synthesis/3-yosys.log |& tee >&@stdout"

Sat Jun 05 12:48:32 UTC 2021 - Executing "sed -E {s/^([[:space:]]+)pg_pin(.*)/\1pin\2\n\1    direction : "inout";/g} /home/merl-tools/openlane-v0.15/pdk/sky130A/libs.ref/sky130_fd_sc_hd/lib/sky130_fd_sc_hd__tt_025C_1v80.lib > /openLANE_flow/designs/azadi-verilog/runs/sv2v-newpull/tmp/sky130_fd_sc_hd__tt_025C_1v80.no_pg.lib"

Sat Jun 05 12:48:33 UTC 2021 - Executing "yosys -c /openLANE_flow/scripts/synth.tcl -l /openLANE_flow/designs/azadi-verilog/runs/sv2v-newpull/logs/synthesis/4-yosys.log |& tee >&@stdout"

Sat Jun 05 12:54:49 UTC 2021 - Executing "sed -i -e {s/\(set ::env(CURRENT_NETLIST)\).*/\1 \/openLANE_flow\/designs\/azadi-verilog\/runs\/sv2v-newpull\/results\/synthesis\/azadi_soc_top.synthesis.v/} /openLANE_flow/designs/azadi-verilog/runs/sv2v-newpull/config.tcl"

Sat Jun 05 12:54:49 UTC 2021 - Executing "sed -i -e {s/\(set ::env(PREV_NETLIST)\).*/\1 0/} /openLANE_flow/designs/azadi-verilog/runs/sv2v-newpull/config.tcl"

Sat Jun 05 12:54:49 UTC 2021 - Executing "sed -i /defparam/d /openLANE_flow/designs/azadi-verilog/runs/sv2v-newpull/results/synthesis/azadi_soc_top.synthesis.v"

Sat Jun 05 14:50:54 UTC 2021 - Executing "sed -E {s/^([[:space:]]+)pg_pin(.*)/\1pin\2\n\1    direction : "inout";/g} /home/merl-tools/openlane-v0.15/pdk/sky130A/libs.ref/sky130_fd_sc_hd/lib/sky130_fd_sc_hd__tt_025C_1v80.lib > /openLANE_flow/designs/azadi-verilog/runs/sv2v-newpull/tmp/sky130_fd_sc_hd__tt_025C_1v80.no_pg.lib"

Sat Jun 05 14:50:54 UTC 2021 - Executing "yosys -c /openLANE_flow/scripts/synth.tcl -l /openLANE_flow/designs/azadi-verilog/runs/sv2v-newpull/logs/synthesis/5-yosys.log |& tee >&@stdout"

Sat Jun 05 14:57:09 UTC 2021 - Executing "sed -i -e {s/\(set ::env(CURRENT_NETLIST)\).*/\1 \/openLANE_flow\/designs\/azadi-verilog\/runs\/sv2v-newpull\/results\/synthesis\/azadi_soc_top.synthesis.v/} /openLANE_flow/designs/azadi-verilog/runs/sv2v-newpull/config.tcl"

Sat Jun 05 14:57:09 UTC 2021 - Executing "sed -i -e {s/\(set ::env(PREV_NETLIST)\).*/\1 \/openLANE_flow\/designs\/azadi-verilog\/runs\/sv2v-newpull\/results\/synthesis\/azadi_soc_top.synthesis.v/} /openLANE_flow/designs/azadi-verilog/runs/sv2v-newpull/config.tcl"

Sat Jun 05 14:57:10 UTC 2021 - Executing "sed -i /defparam/d /openLANE_flow/designs/azadi-verilog/runs/sv2v-newpull/results/synthesis/azadi_soc_top.synthesis.v"

Sat Jun 05 15:34:04 UTC 2021 - Executing "sed -E {s/^([[:space:]]+)pg_pin(.*)/\1pin\2\n\1    direction : "inout";/g} /home/merl-tools/openlane-v0.15/pdk/sky130A/libs.ref/sky130_fd_sc_hd/lib/sky130_fd_sc_hd__tt_025C_1v80.lib > /openLANE_flow/designs/azadi-verilog/runs/sv2v-newpull/tmp/sky130_fd_sc_hd__tt_025C_1v80.no_pg.lib"

Sat Jun 05 15:34:04 UTC 2021 - Executing "yosys -c /openLANE_flow/scripts/synth.tcl -l /openLANE_flow/designs/azadi-verilog/runs/sv2v-newpull/logs/synthesis/6-yosys.log |& tee >&@stdout"

Sat Jun 05 15:34:37 UTC 2021 - Executing "sed -E {s/^([[:space:]]+)pg_pin(.*)/\1pin\2\n\1    direction : "inout";/g} /home/merl-tools/openlane-v0.15/pdk/sky130A/libs.ref/sky130_fd_sc_hd/lib/sky130_fd_sc_hd__tt_025C_1v80.lib > /openLANE_flow/designs/azadi-verilog/runs/sv2v-newpull/tmp/sky130_fd_sc_hd__tt_025C_1v80.no_pg.lib"

Sat Jun 05 15:34:38 UTC 2021 - Executing "yosys -c /openLANE_flow/scripts/synth.tcl -l /openLANE_flow/designs/azadi-verilog/runs/sv2v-newpull/logs/synthesis/7-yosys.log |& tee >&@stdout"

Sat Jun 05 15:36:38 UTC 2021 - Executing "sed -E {s/^([[:space:]]+)pg_pin(.*)/\1pin\2\n\1    direction : "inout";/g} /home/merl-tools/openlane-v0.15/pdk/sky130A/libs.ref/sky130_fd_sc_hd/lib/sky130_fd_sc_hd__tt_025C_1v80.lib > /openLANE_flow/designs/azadi-verilog/runs/sv2v-newpull/tmp/sky130_fd_sc_hd__tt_025C_1v80.no_pg.lib"

Sat Jun 05 15:36:38 UTC 2021 - Executing "yosys -c /openLANE_flow/scripts/synth.tcl -l /openLANE_flow/designs/azadi-verilog/runs/sv2v-newpull/logs/synthesis/8-yosys.log |& tee >&@stdout"

Sat Jun 05 15:38:08 UTC 2021 - Executing "sed -E {s/^([[:space:]]+)pg_pin(.*)/\1pin\2\n\1    direction : "inout";/g} /home/merl-tools/openlane-v0.15/pdk/sky130A/libs.ref/sky130_fd_sc_hd/lib/sky130_fd_sc_hd__tt_025C_1v80.lib > /openLANE_flow/designs/azadi-verilog/runs/sv2v-newpull/tmp/sky130_fd_sc_hd__tt_025C_1v80.no_pg.lib"

Sat Jun 05 15:38:09 UTC 2021 - Executing "yosys -c /openLANE_flow/scripts/synth.tcl -l /openLANE_flow/designs/azadi-verilog/runs/sv2v-newpull/logs/synthesis/9-yosys.log |& tee >&@stdout"

Sat Jun 05 15:44:22 UTC 2021 - Executing "sed -i -e {s/\(set ::env(CURRENT_NETLIST)\).*/\1 \/openLANE_flow\/designs\/azadi-verilog\/runs\/sv2v-newpull\/results\/synthesis\/azadi_soc_top.synthesis.v/} /openLANE_flow/designs/azadi-verilog/runs/sv2v-newpull/config.tcl"

Sat Jun 05 15:44:22 UTC 2021 - Executing "sed -i -e {s/\(set ::env(PREV_NETLIST)\).*/\1 \/openLANE_flow\/designs\/azadi-verilog\/runs\/sv2v-newpull\/results\/synthesis\/azadi_soc_top.synthesis.v/} /openLANE_flow/designs/azadi-verilog/runs/sv2v-newpull/config.tcl"

Sat Jun 05 15:44:22 UTC 2021 - Executing "sed -i /defparam/d /openLANE_flow/designs/azadi-verilog/runs/sv2v-newpull/results/synthesis/azadi_soc_top.synthesis.v"

