
29. Printing statistics.

=== azadi_soc_top ===

   Number of wires:              47622
   Number of wire bits:          47733
   Number of public wires:        7778
   Number of public wire bits:    7889
   Number of memories:               0
   Number of memory bits:            0
   Number of processes:              0
   Number of cells:              47550
     sky130_fd_sc_hd__a2111o_2      28
     sky130_fd_sc_hd__a2111oi_2      3
     sky130_fd_sc_hd__a211o_2       86
     sky130_fd_sc_hd__a211oi_2      32
     sky130_fd_sc_hd__a21bo_2      247
     sky130_fd_sc_hd__a21boi_2      21
     sky130_fd_sc_hd__a21o_2       189
     sky130_fd_sc_hd__a21oi_2      241
     sky130_fd_sc_hd__a221o_2      193
     sky130_fd_sc_hd__a221oi_2       5
     sky130_fd_sc_hd__a22o_2      3253
     sky130_fd_sc_hd__a22oi_2       16
     sky130_fd_sc_hd__a2bb2o_2    1063
     sky130_fd_sc_hd__a2bb2o_4       2
     sky130_fd_sc_hd__a2bb2oi_2     26
     sky130_fd_sc_hd__a311o_2        2
     sky130_fd_sc_hd__a31o_2       163
     sky130_fd_sc_hd__a31oi_2       36
     sky130_fd_sc_hd__a32o_2       278
     sky130_fd_sc_hd__a41o_2        17
     sky130_fd_sc_hd__and2_2       258
     sky130_fd_sc_hd__and2b_2       44
     sky130_fd_sc_hd__and3_2       156
     sky130_fd_sc_hd__and3b_2        7
     sky130_fd_sc_hd__and4_2       216
     sky130_fd_sc_hd__and4b_2       24
     sky130_fd_sc_hd__buf_1       5835
     sky130_fd_sc_hd__buf_2          6
     sky130_fd_sc_hd__buf_4          2
     sky130_fd_sc_hd__conb_1        52
     sky130_fd_sc_hd__dfrtp_2     4851
     sky130_fd_sc_hd__dfstp_2      109
     sky130_fd_sc_hd__dfxtp_2     1420
     sky130_fd_sc_hd__dlclkp_1       1
     sky130_fd_sc_hd__inv_12         4
     sky130_fd_sc_hd__inv_2       6437
     sky130_fd_sc_hd__inv_4          4
     sky130_fd_sc_hd__mux2_1      8225
     sky130_fd_sc_hd__mux2_2       249
     sky130_fd_sc_hd__mux4_1      1952
     sky130_fd_sc_hd__nand2_2      523
     sky130_fd_sc_hd__nand2b_2      77
     sky130_fd_sc_hd__nand3_2        2
     sky130_fd_sc_hd__nand3b_2       5
     sky130_fd_sc_hd__nand4_2        8
     sky130_fd_sc_hd__nor2_2      1468
     sky130_fd_sc_hd__nor2b_2      100
     sky130_fd_sc_hd__nor3_2        67
     sky130_fd_sc_hd__nor3b_2        1
     sky130_fd_sc_hd__nor4_2        17
     sky130_fd_sc_hd__o2111a_2      29
     sky130_fd_sc_hd__o2111ai_2      6
     sky130_fd_sc_hd__o211a_2      137
     sky130_fd_sc_hd__o211ai_2      37
     sky130_fd_sc_hd__o21a_2       475
     sky130_fd_sc_hd__o21ai_2      432
     sky130_fd_sc_hd__o21ba_2      175
     sky130_fd_sc_hd__o21bai_2       7
     sky130_fd_sc_hd__o221a_2      907
     sky130_fd_sc_hd__o221ai_2     121
     sky130_fd_sc_hd__o22a_2      1734
     sky130_fd_sc_hd__o22ai_2      342
     sky130_fd_sc_hd__o2bb2a_2     183
     sky130_fd_sc_hd__o2bb2ai_2      8
     sky130_fd_sc_hd__o311a_2       48
     sky130_fd_sc_hd__o31a_2        78
     sky130_fd_sc_hd__o31ai_2        4
     sky130_fd_sc_hd__o32a_2       331
     sky130_fd_sc_hd__o41a_2        11
     sky130_fd_sc_hd__or2_2       3310
     sky130_fd_sc_hd__or2_4         41
     sky130_fd_sc_hd__or2b_2        62
     sky130_fd_sc_hd__or3_2        452
     sky130_fd_sc_hd__or3_4          6
     sky130_fd_sc_hd__or3b_2       137
     sky130_fd_sc_hd__or3b_4         2
     sky130_fd_sc_hd__or4_2        400
     sky130_fd_sc_hd__or4_4          8
     sky130_fd_sc_hd__or4b_2        39
     sky130_fd_sc_hd__or4b_4         1
     sky130_fd_sc_hd__or4bb_2        4
     sky130_sram_4kbyte_1rw1r_32x1024_8      2

   Area for cell type \sky130_sram_4kbyte_1rw1r_32x1024_8 is unknown!

   Chip area for module '\azadi_soc_top': 518977.740800

