Startpoint: rst_ni (input port clocked by clk_i)
Endpoint: _82292_ (removal check against rising-edge clock clk_i)
Path Group: **async_default**
Path Type: min

Fanout     Cap    Slew   Delay    Time   Description
-----------------------------------------------------------------------------
                  0.00    0.00    0.00   clock clk_i (rise edge)
                          0.00    0.00   clock network delay (ideal)
                          4.00    4.00 ^ input external delay
                  2.84    1.95    5.95 ^ rst_ni (in)
   718    2.60                           rst_ni (net)
                  2.84    0.00    5.95 ^ _82292_/RESET_B (sky130_fd_sc_hd__dfrtp_2)
                                  5.95   data arrival time

                  0.00    0.00    0.00   clock clk_i (rise edge)
                          0.00    0.00   clock network delay (ideal)
                          0.00    0.00   clock reconvergence pessimism
                                  0.00 ^ _82292_/CLK (sky130_fd_sc_hd__dfrtp_2)
                          0.84    0.84   library removal time
                                  0.84   data required time
-----------------------------------------------------------------------------
                                  0.84   data required time
                                 -5.95   data arrival time
-----------------------------------------------------------------------------
                                  5.12   slack (MET)


Startpoint: _82415_ (rising edge-triggered flip-flop clocked by clk_i)
Endpoint: _82839_ (rising edge-triggered flip-flop clocked by clk_i)
Path Group: clk_i
Path Type: min

Fanout     Cap    Slew   Delay    Time   Description
-----------------------------------------------------------------------------
                  0.00    0.00    0.00   clock clk_i (rise edge)
                          0.00    0.00   clock network delay (ideal)
                  0.00    0.00    0.00 ^ _82415_/CLK (sky130_fd_sc_hd__dfxtp_2)
                  0.04    0.19    0.19 ^ _82415_/Q (sky130_fd_sc_hd__dfxtp_2)
     2    0.01                           u_spi_host.intr_tx_o (net)
                  0.04    0.00    0.19 ^ _82839_/D (sky130_fd_sc_hd__dfrtp_2)
                                  0.19   data arrival time

                  0.00    0.00    0.00   clock clk_i (rise edge)
                          0.00    0.00   clock network delay (ideal)
                          0.00    0.00   clock reconvergence pessimism
                                  0.00 ^ _82839_/CLK (sky130_fd_sc_hd__dfrtp_2)
                         -0.02   -0.02   library hold time
                                 -0.02   data required time
-----------------------------------------------------------------------------
                                 -0.02   data required time
                                 -0.19   data arrival time
-----------------------------------------------------------------------------
                                  0.21   slack (MET)


Startpoint: _82177_ (rising edge-triggered flip-flop clocked by clk_i)
Endpoint: _81011_ (recovery check against rising-edge clock clk_i)
Path Group: **async_default**
Path Type: max

Fanout     Cap    Slew   Delay    Time   Description
-----------------------------------------------------------------------------
                  0.00    0.00    0.00   clock clk_i (rise edge)
                          0.00    0.00   clock network delay (ideal)
                  0.00    0.00    0.00 ^ _82177_/CLK (sky130_fd_sc_hd__dfxtp_2)
                102.25   73.04   73.04 ^ _82177_/Q (sky130_fd_sc_hd__dfxtp_2)
  4060   13.25                           GPIO.gen_filter[0].filter.rst_ni (net)
                102.25    0.00   73.04 ^ _81011_/RESET_B (sky130_fd_sc_hd__dfrtp_2)
                                 73.04   data arrival time

                  0.00   20.00   20.00   clock clk_i (rise edge)
                          0.00   20.00   clock network delay (ideal)
                          0.00   20.00   clock reconvergence pessimism
                                 20.00 ^ _81011_/CLK (sky130_fd_sc_hd__dfrtp_2)
                        -46.56  -26.56   library recovery time
                                -26.56   data required time
-----------------------------------------------------------------------------
                                -26.56   data required time
                                -73.04   data arrival time
-----------------------------------------------------------------------------
                                -99.59   slack (VIOLATED)


Startpoint: _82177_ (rising edge-triggered flip-flop clocked by clk_i)
Endpoint: _81756_ (rising edge-triggered flip-flop clocked by clk_i)
Path Group: clk_i
Path Type: max

Fanout     Cap    Slew   Delay    Time   Description
-----------------------------------------------------------------------------
                  0.00    0.00    0.00   clock clk_i (rise edge)
                          0.00    0.00   clock network delay (ideal)
                  0.00    0.00    0.00 ^ _82177_/CLK (sky130_fd_sc_hd__dfxtp_2)
                102.25   73.04   73.04 ^ _82177_/Q (sky130_fd_sc_hd__dfxtp_2)
  4060   13.25                           GPIO.gen_filter[0].filter.rst_ni (net)
                102.25    0.00   73.04 ^ _52364_/B1 (sky130_fd_sc_hd__o21ai_2)
                  9.89    9.61   82.64 v _52364_/Y (sky130_fd_sc_hd__o21ai_2)
     4    0.01                           _30979_ (net)
                  9.89    0.00   82.64 v _52366_/A (sky130_fd_sc_hd__or3b_2)
                  0.26    4.09   86.73 v _52366_/X (sky130_fd_sc_hd__or3b_2)
     1    0.00                           _30981_ (net)
                  0.26    0.00   86.73 v _52367_/A (sky130_fd_sc_hd__buf_1)
                  0.07    0.26   86.99 v _52367_/X (sky130_fd_sc_hd__buf_1)
     3    0.00                           _05601_ (net)
                  0.07    0.00   86.99 v _71565_/A0 (sky130_fd_sc_hd__mux2_1)
                  0.13    0.66   87.65 v _71565_/X (sky130_fd_sc_hd__mux2_1)
     2    0.00                           _05602_ (net)
                  0.13    0.00   87.65 v _57929_/A1 (sky130_fd_sc_hd__o21a_2)
                  0.05    0.39   88.04 v _57929_/X (sky130_fd_sc_hd__o21a_2)
     1    0.00                           _05603_ (net)
                  0.05    0.00   88.04 v _71566_/A0 (sky130_fd_sc_hd__mux2_1)
                  0.10    0.60   88.64 v _71566_/X (sky130_fd_sc_hd__mux2_1)
     1    0.00                           _05604_ (net)
                  0.10    0.00   88.64 v _71567_/A0 (sky130_fd_sc_hd__mux2_1)
                  0.10    0.62   89.26 v _71567_/X (sky130_fd_sc_hd__mux2_1)
     1    0.00                           _05605_ (net)
                  0.10    0.00   89.26 v _71568_/A0 (sky130_fd_sc_hd__mux2_1)
                  0.10    0.62   89.87 v _71568_/X (sky130_fd_sc_hd__mux2_1)
     1    0.00                           _05606_ (net)
                  0.10    0.00   89.87 v _71569_/A0 (sky130_fd_sc_hd__mux2_1)
                  0.10    0.62   90.49 v _71569_/X (sky130_fd_sc_hd__mux2_1)
     1    0.00                           _05607_ (net)
                  0.10    0.00   90.49 v _71570_/A0 (sky130_fd_sc_hd__mux2_1)
                  0.10    0.62   91.10 v _71570_/X (sky130_fd_sc_hd__mux2_1)
     1    0.00                           _05608_ (net)
                  0.10    0.00   91.10 v _71571_/A0 (sky130_fd_sc_hd__mux2_1)
                  0.10    0.62   91.72 v _71571_/X (sky130_fd_sc_hd__mux2_1)
     1    0.00                           _05609_ (net)
                  0.10    0.00   91.72 v _71572_/A0 (sky130_fd_sc_hd__mux2_1)
                  0.10    0.62   92.33 v _71572_/X (sky130_fd_sc_hd__mux2_1)
     1    0.00                           _05610_ (net)
                  0.10    0.00   92.33 v _71573_/A0 (sky130_fd_sc_hd__mux2_1)
                  0.10    0.61   92.94 v _71573_/X (sky130_fd_sc_hd__mux2_1)
     1    0.00                           _05611_ (net)
                  0.10    0.00   92.94 v _51749_/B (sky130_fd_sc_hd__or2_2)
                  0.11    0.61   93.56 v _51749_/X (sky130_fd_sc_hd__or2_2)
     1    0.00                           _30597_ (net)
                  0.11    0.00   93.56 v _51750_/A (sky130_fd_sc_hd__buf_1)
                  0.11    0.22   93.78 v _51750_/X (sky130_fd_sc_hd__buf_1)
     4    0.01                           _05612_ (net)
                  0.11    0.00   93.78 v _57949_/A1 (sky130_fd_sc_hd__o21ba_2)
                  0.06    0.40   94.18 v _57949_/X (sky130_fd_sc_hd__o21ba_2)
     2    0.00                           _06885_ (net)
                  0.06    0.00   94.18 v _57950_/B (sky130_fd_sc_hd__or2_2)
                  0.10    0.59   94.77 v _57950_/X (sky130_fd_sc_hd__or2_2)
     1    0.00                           _05658_ (net)
                  0.10    0.00   94.77 v _71593_/A0 (sky130_fd_sc_hd__mux2_1)
                  0.10    0.61   95.38 v _71593_/X (sky130_fd_sc_hd__mux2_1)
     1    0.00                           _05659_ (net)
                  0.10    0.00   95.38 v _57953_/B (sky130_fd_sc_hd__or2_2)
                  0.17    0.71   96.10 v _57953_/X (sky130_fd_sc_hd__or2_2)
     5    0.01                           _33007_ (net)
                  0.17    0.00   96.10 v _57965_/B1 (sky130_fd_sc_hd__o21ai_2)
                  0.25    0.17   96.26 ^ _57965_/Y (sky130_fd_sc_hd__o21ai_2)
     4    0.01                           _06943_ (net)
                  0.25    0.00   96.26 ^ _57966_/A (sky130_fd_sc_hd__inv_2)
                  0.11    0.19   96.45 v _57966_/Y (sky130_fd_sc_hd__inv_2)
    13    0.02                           _05671_ (net)
                  0.11    0.00   96.45 v _72106_/A0 (sky130_fd_sc_hd__mux2_1)
                  0.14    0.69   97.13 v _72106_/X (sky130_fd_sc_hd__mux2_1)
     2    0.01                           _06967_ (net)
                  0.14    0.00   97.13 v _72167_/A0 (sky130_fd_sc_hd__mux2_1)
                  0.21    0.78   97.91 v _72167_/X (sky130_fd_sc_hd__mux2_1)
     7    0.01                           _07168_ (net)
                  0.21    0.00   97.91 v _72169_/A0 (sky130_fd_sc_hd__mux2_1)
                  0.10    0.66   98.57 v _72169_/X (sky130_fd_sc_hd__mux2_1)
     1    0.00                           _07181_ (net)
                  0.10    0.00   98.57 v _72170_/A0 (sky130_fd_sc_hd__mux2_1)
                  0.22    0.77   99.35 v _72170_/X (sky130_fd_sc_hd__mux2_1)
     7    0.01                           _07182_ (net)
                  0.22    0.00   99.35 v _72173_/A1 (sky130_fd_sc_hd__mux2_1)
                  0.10    0.68  100.03 v _72173_/X (sky130_fd_sc_hd__mux2_1)
     1    0.00                           _07183_ (net)
                  0.10    0.00  100.03 v _72174_/A0 (sky130_fd_sc_hd__mux2_1)
                  0.15    0.69  100.72 v _72174_/X (sky130_fd_sc_hd__mux2_1)
     4    0.01                           _07184_ (net)
                  0.15    0.00  100.72 v _59490_/C (sky130_fd_sc_hd__or3_2)
                  0.22    1.08  101.81 v _59490_/X (sky130_fd_sc_hd__or3_2)
     4    0.01                           _33494_ (net)
                  0.22    0.00  101.81 v _59528_/D (sky130_fd_sc_hd__or4_2)
                  0.28    1.46  103.26 v _59528_/X (sky130_fd_sc_hd__or4_2)
     5    0.01                           _33512_ (net)
                  0.28    0.00  103.26 v _59545_/D (sky130_fd_sc_hd__or4_2)
                  0.26    1.43  104.69 v _59545_/X (sky130_fd_sc_hd__or4_2)
     3    0.01                           _33516_ (net)
                  0.26    0.00  104.69 v _59604_/B (sky130_fd_sc_hd__or2_2)
                  0.15    0.76  105.45 v _59604_/X (sky130_fd_sc_hd__or2_2)
     4    0.01                           _33548_ (net)
                  0.15    0.00  105.45 v _59605_/B (sky130_fd_sc_hd__or2_2)
                  0.11    0.64  106.09 v _59605_/X (sky130_fd_sc_hd__or2_2)
     1    0.00                           _33549_ (net)
                  0.11    0.00  106.09 v _59606_/A (sky130_fd_sc_hd__buf_4)
                  0.05    0.27  106.36 v _59606_/X (sky130_fd_sc_hd__buf_4)
     5    0.01                           _07814_ (net)
                  0.05    0.00  106.36 v _59607_/B1_N (sky130_fd_sc_hd__a21bo_2)
                  0.07    0.36  106.72 ^ _59607_/X (sky130_fd_sc_hd__a21bo_2)
     3    0.00                           _07811_ (net)
                  0.07    0.00  106.72 ^ _59675_/A (sky130_fd_sc_hd__and2_2)
                  0.08    0.26  106.98 ^ _59675_/X (sky130_fd_sc_hd__and2_2)
     2    0.00                           _33611_ (net)
                  0.08    0.00  106.98 ^ _59685_/A1 (sky130_fd_sc_hd__o21a_2)
                  0.08    0.28  107.25 ^ _59685_/X (sky130_fd_sc_hd__o21a_2)
     3    0.01                           _33620_ (net)
                  0.08    0.00  107.25 ^ _59686_/A2_N (sky130_fd_sc_hd__a2bb2o_2)
                  0.11    0.56  107.82 v _59686_/X (sky130_fd_sc_hd__a2bb2o_2)
     3    0.01                           _33621_ (net)
                  0.11    0.00  107.82 v _59697_/A (sky130_fd_sc_hd__inv_2)
                  0.04    0.08  107.90 ^ _59697_/Y (sky130_fd_sc_hd__inv_2)
     1    0.00                           _33632_ (net)
                  0.04    0.00  107.90 ^ _59699_/A4 (sky130_fd_sc_hd__a41o_2)
                  0.18    0.53  108.42 ^ _59699_/X (sky130_fd_sc_hd__a41o_2)
     4    0.02                           _33634_ (net)
                  0.18    0.00  108.42 ^ _59766_/A (sky130_fd_sc_hd__inv_2)
                  0.04    0.09  108.51 v _59766_/Y (sky130_fd_sc_hd__inv_2)
     2    0.00                           _33673_ (net)
                  0.04    0.00  108.51 v _59767_/A (sky130_fd_sc_hd__or2_4)
                  0.08    0.46  108.97 v _59767_/X (sky130_fd_sc_hd__or2_4)
     3    0.00                           _33674_ (net)
                  0.08    0.00  108.97 v _59802_/C (sky130_fd_sc_hd__or3_2)
                  0.50    1.43  110.40 v _59802_/X (sky130_fd_sc_hd__or3_2)
    25    0.08                           _07872_ (net)
                  0.50    0.00  110.40 v _72830_/S (sky130_fd_sc_hd__mux2_1)
                  0.12    0.87  111.27 v _72830_/X (sky130_fd_sc_hd__mux2_1)
     2    0.00                           _08249_ (net)
                  0.12    0.00  111.27 v _74357_/A1 (sky130_fd_sc_hd__mux2_1)
                  0.12    0.68  111.95 v _74357_/X (sky130_fd_sc_hd__mux2_1)
     2    0.00                           _08280_ (net)
                  0.12    0.00  111.95 v _74356_/A1 (sky130_fd_sc_hd__mux2_1)
                  0.11    0.67  112.62 v _74356_/X (sky130_fd_sc_hd__mux2_1)
     2    0.00                           _08282_ (net)
                  0.11    0.00  112.62 v _60123_/A (sky130_fd_sc_hd__or2_2)
                  0.11    0.67  113.29 v _60123_/X (sky130_fd_sc_hd__or2_2)
     2    0.00                           _08336_ (net)
                  0.11    0.00  113.29 v _60124_/B (sky130_fd_sc_hd__or2_2)
                  0.11    0.62  113.91 v _60124_/X (sky130_fd_sc_hd__or2_2)
     1    0.00                           _33730_ (net)
                  0.11    0.00  113.91 v _60125_/A (sky130_fd_sc_hd__buf_1)
                  0.07    0.19  114.10 v _60125_/X (sky130_fd_sc_hd__buf_1)
     3    0.00                           _08337_ (net)
                  0.07    0.00  114.10 v _60195_/B (sky130_fd_sc_hd__or2_2)
                  0.10    0.60  114.70 v _60195_/X (sky130_fd_sc_hd__or2_2)
     1    0.00                           _08418_ (net)
                  0.10    0.00  114.70 v _77513_/A0 (sky130_fd_sc_hd__mux2_1)
                  0.12    0.65  115.34 v _77513_/X (sky130_fd_sc_hd__mux2_1)
     2    0.00                           _08419_ (net)
                  0.12    0.00  115.34 v _63478_/B1 (sky130_fd_sc_hd__o2bb2a_2)
                  0.08    0.54  115.88 v _63478_/X (sky130_fd_sc_hd__o2bb2a_2)
     2    0.00                           _37005_ (net)
                  0.08    0.00  115.88 v _63479_/B (sky130_fd_sc_hd__and2_2)
                  0.08    0.40  116.28 v _63479_/X (sky130_fd_sc_hd__and2_2)
     2    0.00                           _37006_ (net)
                  0.08    0.00  116.28 v _63485_/A (sky130_fd_sc_hd__or2b_2)
                  0.12    0.66  116.95 v _63485_/X (sky130_fd_sc_hd__or2b_2)
     3    0.00                           _37012_ (net)
                  0.12    0.00  116.95 v _63487_/A (sky130_fd_sc_hd__or2_2)
                  0.11    0.67  117.62 v _63487_/X (sky130_fd_sc_hd__or2_2)
     2    0.00                           _37014_ (net)
                  0.11    0.00  117.62 v _63520_/C (sky130_fd_sc_hd__or4_2)
                  0.21    1.44  119.06 v _63520_/X (sky130_fd_sc_hd__or4_2)
     1    0.00                           _37047_ (net)
                  0.21    0.00  119.06 v _63521_/D1 (sky130_fd_sc_hd__o2111a_2)
                  0.10    0.34  119.40 v _63521_/X (sky130_fd_sc_hd__o2111a_2)
     5    0.01                           _37048_ (net)
                  0.10    0.00  119.40 v _63524_/A4 (sky130_fd_sc_hd__o41a_2)
                  0.14    0.79  120.18 v _63524_/X (sky130_fd_sc_hd__o41a_2)
     4    0.01                           _37051_ (net)
                  0.14    0.00  120.18 v _63526_/A3 (sky130_fd_sc_hd__o311a_2)
                  0.12    0.70  120.88 v _63526_/X (sky130_fd_sc_hd__o311a_2)
     3    0.01                           _37053_ (net)
                  0.12    0.00  120.88 v _63527_/A (sky130_fd_sc_hd__inv_2)
                  0.04    0.08  120.96 ^ _63527_/Y (sky130_fd_sc_hd__inv_2)
     1    0.00                           _37054_ (net)
                  0.04    0.00  120.96 ^ _63529_/A2 (sky130_fd_sc_hd__o21a_2)
                  0.10    0.24  121.21 ^ _63529_/X (sky130_fd_sc_hd__o21a_2)
     3    0.01                           _37056_ (net)
                  0.10    0.00  121.21 ^ _63531_/A2 (sky130_fd_sc_hd__o21ai_2)
                  0.16    0.18  121.39 v _63531_/Y (sky130_fd_sc_hd__o21ai_2)
     4    0.02                           _37058_ (net)
                  0.16    0.00  121.39 v _63539_/B1 (sky130_fd_sc_hd__o221a_2)
                  0.14    0.57  121.96 v _63539_/X (sky130_fd_sc_hd__o221a_2)
     5    0.01                           _37066_ (net)
                  0.14    0.00  121.96 v _63543_/A4 (sky130_fd_sc_hd__o41a_2)
                  0.17    0.83  122.79 v _63543_/X (sky130_fd_sc_hd__o41a_2)
     5    0.01                           _37070_ (net)
                  0.17    0.00  122.79 v _63547_/A4 (sky130_fd_sc_hd__o41a_2)
                  0.17    0.85  123.64 v _63547_/X (sky130_fd_sc_hd__o41a_2)
     5    0.01                           _37074_ (net)
                  0.17    0.00  123.64 v _63552_/A4 (sky130_fd_sc_hd__o41a_2)
                  0.18    0.87  124.51 v _63552_/X (sky130_fd_sc_hd__o41a_2)
     5    0.02                           _37079_ (net)
                  0.18    0.00  124.51 v _63557_/A4 (sky130_fd_sc_hd__o41a_2)
                  0.19    0.88  125.38 v _63557_/X (sky130_fd_sc_hd__o41a_2)
     4    0.02                           _37084_ (net)
                  0.19    0.00  125.38 v _63558_/C (sky130_fd_sc_hd__nor3_2)
                  0.36    0.33  125.71 ^ _63558_/Y (sky130_fd_sc_hd__nor3_2)
     3    0.01                           _37085_ (net)
                  0.36    0.00  125.71 ^ _63562_/A3 (sky130_fd_sc_hd__a31o_2)
                  0.14    0.48  126.20 ^ _63562_/X (sky130_fd_sc_hd__a31o_2)
     2    0.01                           _37089_ (net)
                  0.14    0.00  126.20 ^ _63563_/A (sky130_fd_sc_hd__inv_4)
                  0.05    0.09  126.29 v _63563_/Y (sky130_fd_sc_hd__inv_4)
     4    0.01                           _37090_ (net)
                  0.05    0.00  126.29 v _63566_/A4 (sky130_fd_sc_hd__o41a_2)
                  0.13    0.75  127.04 v _63566_/X (sky130_fd_sc_hd__o41a_2)
     2    0.01                           _37093_ (net)
                  0.13    0.00  127.04 v _63568_/A (sky130_fd_sc_hd__or2_2)
                  0.16    0.75  127.79 v _63568_/X (sky130_fd_sc_hd__or2_2)
     4    0.01                           _37095_ (net)
                  0.16    0.00  127.79 v _63570_/A3 (sky130_fd_sc_hd__a31o_2)
                  0.09    0.51  128.30 v _63570_/X (sky130_fd_sc_hd__a31o_2)
     4    0.01                           _37097_ (net)
                  0.09    0.00  128.30 v _63628_/D (sky130_fd_sc_hd__or4_2)
                  0.22    1.30  129.61 v _63628_/X (sky130_fd_sc_hd__or4_2)
     2    0.00                           _37154_ (net)
                  0.22    0.00  129.61 v _63629_/D (sky130_fd_sc_hd__or4_2)
                  0.24    1.38  130.98 v _63629_/X (sky130_fd_sc_hd__or4_2)
     3    0.00                           _37155_ (net)
                  0.24    0.00  130.98 v _63630_/C (sky130_fd_sc_hd__or3_2)
                  0.19    1.07  132.05 v _63630_/X (sky130_fd_sc_hd__or3_2)
     4    0.01                           _37156_ (net)
                  0.19    0.00  132.05 v _63631_/C (sky130_fd_sc_hd__or3_2)
                  0.19    1.05  133.10 v _63631_/X (sky130_fd_sc_hd__or3_2)
     4    0.01                           _37157_ (net)
                  0.19    0.00  133.10 v _63632_/C (sky130_fd_sc_hd__or3_2)
                  0.18    1.03  134.13 v _63632_/X (sky130_fd_sc_hd__or3_2)
     3    0.00                           _37158_ (net)
                  0.18    0.00  134.13 v _63637_/A (sky130_fd_sc_hd__or2_2)
                  0.13    0.73  134.86 v _63637_/X (sky130_fd_sc_hd__or2_2)
     3    0.00                           _37163_ (net)
                  0.13    0.00  134.86 v _63640_/A (sky130_fd_sc_hd__or2_2)
                  0.13    0.70  135.56 v _63640_/X (sky130_fd_sc_hd__or2_2)
     3    0.00                           _37166_ (net)
                  0.13    0.00  135.56 v _63644_/A (sky130_fd_sc_hd__or2_2)
                  0.13    0.70  136.27 v _63644_/X (sky130_fd_sc_hd__or2_2)
     3    0.00                           _37170_ (net)
                  0.13    0.00  136.27 v _63647_/A (sky130_fd_sc_hd__or2_2)
                  0.13    0.70  136.97 v _63647_/X (sky130_fd_sc_hd__or2_2)
     3    0.00                           _37173_ (net)
                  0.13    0.00  136.97 v _63651_/A (sky130_fd_sc_hd__or2_2)
                  0.15    0.74  137.71 v _63651_/X (sky130_fd_sc_hd__or2_2)
     3    0.01                           _37177_ (net)
                  0.15    0.00  137.71 v _63653_/A (sky130_fd_sc_hd__nor2_2)
                  0.21    0.27  137.99 ^ _63653_/Y (sky130_fd_sc_hd__nor2_2)
     3    0.01                           _08475_ (net)
                  0.21    0.00  137.99 ^ _63654_/B (sky130_fd_sc_hd__or2_2)
                  1.97    1.61  139.60 ^ _63654_/X (sky130_fd_sc_hd__or2_2)
    75    0.25                           _08476_ (net)
                  1.97    0.00  139.60 ^ _76731_/S (sky130_fd_sc_hd__mux2_1)
                  0.14    1.10  140.70 v _76731_/X (sky130_fd_sc_hd__mux2_1)
     3    0.00                           _08515_ (net)
                  0.14    0.00  140.70 v _63813_/A (sky130_fd_sc_hd__or2_2)
                  0.13    0.72  141.41 v _63813_/X (sky130_fd_sc_hd__or2_2)
     3    0.01                           _08516_ (net)
                  0.13    0.00  141.41 v _63816_/C (sky130_fd_sc_hd__or3_2)
                  0.19    1.02  142.44 v _63816_/X (sky130_fd_sc_hd__or3_2)
     2    0.01                           _37292_ (net)
                  0.19    0.00  142.44 v _63825_/D (sky130_fd_sc_hd__or4_2)
                  0.25    1.38  143.82 v _63825_/X (sky130_fd_sc_hd__or4_2)
     2    0.01                           _37295_ (net)
                  0.25    0.00  143.82 v _63844_/C (sky130_fd_sc_hd__or3_2)
                  0.19    1.06  144.88 v _63844_/X (sky130_fd_sc_hd__or3_2)
     2    0.01                           _37302_ (net)
                  0.19    0.00  144.88 v _63898_/A (sky130_fd_sc_hd__or4b_2)
                  0.27    1.69  146.57 v _63898_/X (sky130_fd_sc_hd__or4b_2)
     2    0.01                           _37321_ (net)
                  0.27    0.00  146.57 v _63899_/A (sky130_fd_sc_hd__inv_2)
                  0.19    0.26  146.83 ^ _63899_/Y (sky130_fd_sc_hd__inv_2)
     7    0.02                           _08607_ (net)
                  0.19    0.00  146.83 ^ _70837_/S (sky130_fd_sc_hd__mux2_1)
                  0.16    0.80  147.64 v _70837_/X (sky130_fd_sc_hd__mux2_1)
     2    0.01                           _39835_ (net)
                  0.16    0.00  147.64 v _80915_/S0 (sky130_fd_sc_hd__mux4_1)
                  0.26    1.20  148.83 v _80915_/X (sky130_fd_sc_hd__mux4_1)
     4    0.01                           _08674_ (net)
                  0.26    0.00  148.83 v _63982_/A (sky130_fd_sc_hd__or2_2)
                  0.15    0.79  149.62 v _63982_/X (sky130_fd_sc_hd__or2_2)
     2    0.01                           _37348_ (net)
                  0.15    0.00  149.62 v _63983_/A (sky130_fd_sc_hd__inv_2)
                  0.07    0.11  149.74 ^ _63983_/Y (sky130_fd_sc_hd__inv_2)
     3    0.01                           _37349_ (net)
                  0.07    0.00  149.74 ^ _63986_/A1_N (sky130_fd_sc_hd__a2bb2o_2)
                  0.11    0.57  150.31 v _63986_/X (sky130_fd_sc_hd__a2bb2o_2)
     3    0.01                           _37352_ (net)
                  0.11    0.00  150.31 v _63992_/B1 (sky130_fd_sc_hd__o22a_2)
                  0.09    0.42  150.73 v _63992_/X (sky130_fd_sc_hd__o22a_2)
     3    0.01                           _37357_ (net)
                  0.09    0.00  150.73 v _63993_/B2 (sky130_fd_sc_hd__o22a_2)
                  0.11    0.40  151.13 v _63993_/X (sky130_fd_sc_hd__o22a_2)
     3    0.01                           _37358_ (net)
                  0.11    0.00  151.13 v _63994_/B2 (sky130_fd_sc_hd__o22a_2)
                  0.11    0.41  151.54 v _63994_/X (sky130_fd_sc_hd__o22a_2)
     3    0.01                           _37359_ (net)
                  0.11    0.00  151.54 v _63995_/B2 (sky130_fd_sc_hd__o22a_2)
                  0.11    0.41  151.95 v _63995_/X (sky130_fd_sc_hd__o22a_2)
     3    0.01                           _37360_ (net)
                  0.11    0.00  151.95 v _63996_/B2 (sky130_fd_sc_hd__o22a_2)
                  0.09    0.39  152.34 v _63996_/X (sky130_fd_sc_hd__o22a_2)
     3    0.01                           _37361_ (net)
                  0.09    0.00  152.34 v _63997_/B2 (sky130_fd_sc_hd__o22a_2)
                  0.10    0.39  152.73 v _63997_/X (sky130_fd_sc_hd__o22a_2)
     3    0.01                           _37362_ (net)
                  0.10    0.00  152.73 v _63998_/A2 (sky130_fd_sc_hd__o221ai_2)
                  0.26    0.28  153.01 ^ _63998_/Y (sky130_fd_sc_hd__o221ai_2)
     1    0.00                           _37363_ (net)
                  0.26    0.00  153.01 ^ _63999_/B1 (sky130_fd_sc_hd__o21ai_2)
                  0.28    0.33  153.34 v _63999_/Y (sky130_fd_sc_hd__o21ai_2)
    11    0.03                           _08705_ (net)
                  0.28    0.00  153.34 v _76723_/S (sky130_fd_sc_hd__mux2_1)
                  0.10    0.75  154.08 v _76723_/X (sky130_fd_sc_hd__mux2_1)
     1    0.00                           _08730_ (net)
                  0.10    0.00  154.08 v _76724_/A0 (sky130_fd_sc_hd__mux2_1)
                  2.17    2.32  156.41 v _76724_/X (sky130_fd_sc_hd__mux2_1)
    79    0.25                           _08731_ (net)
                  2.17    0.00  156.41 v _73114_/S (sky130_fd_sc_hd__mux2_1)
                  0.13    1.50  157.91 v _73114_/X (sky130_fd_sc_hd__mux2_1)
     2    0.00                           _08962_ (net)
                  0.13    0.00  157.91 v _73115_/A1 (sky130_fd_sc_hd__mux2_1)
                  0.13    0.68  158.59 v _73115_/X (sky130_fd_sc_hd__mux2_1)
     2    0.00                           _08964_ (net)
                  0.13    0.00  158.59 v _73117_/A1 (sky130_fd_sc_hd__mux2_1)
                  0.13    0.68  159.27 v _73117_/X (sky130_fd_sc_hd__mux2_1)
     2    0.00                           _08968_ (net)
                  0.13    0.00  159.27 v _77143_/A1 (sky130_fd_sc_hd__mux2_1)
                  0.13    0.68  159.95 v _77143_/X (sky130_fd_sc_hd__mux2_1)
     2    0.00                           _08969_ (net)
                  0.13    0.00  159.95 v _73133_/A1 (sky130_fd_sc_hd__mux2_1)
                  0.13    0.68  160.63 v _73133_/X (sky130_fd_sc_hd__mux2_1)
     2    0.00                           _08985_ (net)
                  0.13    0.00  160.63 v _64185_/A2_N (sky130_fd_sc_hd__a2bb2o_2)
                  0.08    0.43  161.06 ^ _64185_/X (sky130_fd_sc_hd__a2bb2o_2)
     1    0.00                           _08986_ (net)
                  0.08    0.00  161.06 ^ _73145_/A1 (sky130_fd_sc_hd__mux2_1)
                  3.91    3.00  164.06 ^ _73145_/X (sky130_fd_sc_hd__mux2_1)
    86    0.29                           _09001_ (net)
                  3.91    0.00  164.06 ^ _73285_/S (sky130_fd_sc_hd__mux2_1)
                  0.12    1.21  165.27 v _73285_/X (sky130_fd_sc_hd__mux2_1)
     1    0.00                           _09358_ (net)
                  0.12    0.00  165.27 v _73286_/A1 (sky130_fd_sc_hd__mux2_1)
                  0.11    0.64  165.91 v _73286_/X (sky130_fd_sc_hd__mux2_1)
     1    0.00                           _09363_ (net)
                  0.11    0.00  165.91 v _64449_/A (sky130_fd_sc_hd__or4_2)
                  0.20    1.52  167.43 v _64449_/X (sky130_fd_sc_hd__or4_2)
     1    0.00                           _37560_ (net)
                  0.20    0.00  167.43 v _64453_/A (sky130_fd_sc_hd__or4_2)
                  0.20    1.55  168.98 v _64453_/X (sky130_fd_sc_hd__or4_2)
     1    0.00                           _37564_ (net)
                  0.20    0.00  168.98 v _64454_/D (sky130_fd_sc_hd__or4_2)
                  0.20    1.29  170.27 v _64454_/X (sky130_fd_sc_hd__or4_2)
     1    0.00                           _37565_ (net)
                  0.20    0.00  170.27 v _64455_/D (sky130_fd_sc_hd__or4_2)
                  0.20    1.29  171.56 v _64455_/X (sky130_fd_sc_hd__or4_2)
     1    0.00                           _37566_ (net)
                  0.20    0.00  171.56 v _64456_/B (sky130_fd_sc_hd__or2_2)
                  0.11    0.66  172.22 v _64456_/X (sky130_fd_sc_hd__or2_2)
     2    0.00                           _37567_ (net)
                  0.11    0.00  172.22 v _64460_/C (sky130_fd_sc_hd__or3_2)
                  0.16    0.96  173.18 v _64460_/X (sky130_fd_sc_hd__or3_2)
     1    0.00                           _37571_ (net)
                  0.16    0.00  173.18 v _64461_/A2 (sky130_fd_sc_hd__a21o_2)
                  0.05    0.40  173.58 v _64461_/X (sky130_fd_sc_hd__a21o_2)
     1    0.00                           _37572_ (net)
                  0.05    0.00  173.58 v _64462_/C (sky130_fd_sc_hd__and3_2)
                  0.07    0.41  173.99 v _64462_/X (sky130_fd_sc_hd__and3_2)
     1    0.00                           _37573_ (net)
                  0.07    0.00  173.99 v _64463_/B2 (sky130_fd_sc_hd__o32a_2)
                  0.13    0.36  174.35 v _64463_/X (sky130_fd_sc_hd__o32a_2)
     2    0.01                           _37574_ (net)
                  0.13    0.00  174.35 v _64467_/B1 (sky130_fd_sc_hd__o21ai_2)
                  0.21    0.13  174.48 ^ _64467_/Y (sky130_fd_sc_hd__o21ai_2)
     2    0.01                           _37578_ (net)
                  0.21    0.00  174.48 ^ _64624_/A (sky130_fd_sc_hd__inv_2)
                  0.06    0.12  174.60 v _64624_/Y (sky130_fd_sc_hd__inv_2)
     2    0.01                           _37711_ (net)
                  0.06    0.00  174.60 v _64625_/B1 (sky130_fd_sc_hd__o21ai_2)
                  0.21    0.10  174.70 ^ _64625_/Y (sky130_fd_sc_hd__o21ai_2)
     2    0.01                           _37712_ (net)
                  0.21    0.00  174.70 ^ _64650_/A (sky130_fd_sc_hd__inv_2)
                  0.06    0.12  174.82 v _64650_/Y (sky130_fd_sc_hd__inv_2)
     2    0.01                           _37726_ (net)
                  0.06    0.00  174.82 v _64651_/B1 (sky130_fd_sc_hd__o21ai_2)
                  0.21    0.10  174.92 ^ _64651_/Y (sky130_fd_sc_hd__o21ai_2)
     2    0.01                           _37727_ (net)
                  0.21    0.00  174.92 ^ _64686_/A (sky130_fd_sc_hd__inv_2)
                  0.06    0.12  175.04 v _64686_/Y (sky130_fd_sc_hd__inv_2)
     2    0.01                           _37747_ (net)
                  0.06    0.00  175.04 v _64689_/B1 (sky130_fd_sc_hd__o21ai_2)
                  0.21    0.10  175.14 ^ _64689_/Y (sky130_fd_sc_hd__o21ai_2)
     2    0.01                           _37750_ (net)
                  0.21    0.00  175.14 ^ _64721_/A (sky130_fd_sc_hd__inv_2)
                  0.06    0.12  175.26 v _64721_/Y (sky130_fd_sc_hd__inv_2)
     2    0.01                           _37768_ (net)
                  0.06    0.00  175.26 v _64722_/B1 (sky130_fd_sc_hd__o21ai_2)
                  0.21    0.10  175.36 ^ _64722_/Y (sky130_fd_sc_hd__o21ai_2)
     2    0.01                           _37769_ (net)
                  0.21    0.00  175.36 ^ _64757_/A (sky130_fd_sc_hd__inv_2)
                  0.06    0.12  175.48 v _64757_/Y (sky130_fd_sc_hd__inv_2)
     2    0.01                           _37788_ (net)
                  0.06    0.00  175.48 v _64758_/B1 (sky130_fd_sc_hd__o21ai_2)
                  0.21    0.10  175.58 ^ _64758_/Y (sky130_fd_sc_hd__o21ai_2)
     2    0.01                           _37789_ (net)
                  0.21    0.00  175.58 ^ _64794_/A (sky130_fd_sc_hd__inv_2)
                  0.06    0.12  175.70 v _64794_/Y (sky130_fd_sc_hd__inv_2)
     2    0.01                           _37810_ (net)
                  0.06    0.00  175.70 v _64795_/B1 (sky130_fd_sc_hd__o21ai_2)
                  0.21    0.10  175.80 ^ _64795_/Y (sky130_fd_sc_hd__o21ai_2)
     2    0.01                           _37811_ (net)
                  0.21    0.00  175.80 ^ _64832_/A (sky130_fd_sc_hd__inv_2)
                  0.06    0.12  175.92 v _64832_/Y (sky130_fd_sc_hd__inv_2)
     2    0.01                           _37832_ (net)
                  0.06    0.00  175.92 v _64833_/B1 (sky130_fd_sc_hd__o21ai_2)
                  0.21    0.10  176.02 ^ _64833_/Y (sky130_fd_sc_hd__o21ai_2)
     2    0.01                           _37833_ (net)
                  0.21    0.00  176.02 ^ _64864_/A (sky130_fd_sc_hd__inv_2)
                  0.06    0.12  176.14 v _64864_/Y (sky130_fd_sc_hd__inv_2)
     2    0.01                           _37850_ (net)
                  0.06    0.00  176.14 v _64866_/B1 (sky130_fd_sc_hd__o21ai_2)
                  0.21    0.10  176.24 ^ _64866_/Y (sky130_fd_sc_hd__o21ai_2)
     2    0.01                           _37852_ (net)
                  0.21    0.00  176.24 ^ _64899_/A (sky130_fd_sc_hd__inv_2)
                  0.06    0.12  176.36 v _64899_/Y (sky130_fd_sc_hd__inv_2)
     2    0.01                           _37870_ (net)
                  0.06    0.00  176.36 v _64900_/B1 (sky130_fd_sc_hd__o21ai_2)
                  0.21    0.10  176.46 ^ _64900_/Y (sky130_fd_sc_hd__o21ai_2)
     2    0.01                           _37871_ (net)
                  0.21    0.00  176.46 ^ _64930_/A (sky130_fd_sc_hd__inv_2)
                  0.06    0.12  176.58 v _64930_/Y (sky130_fd_sc_hd__inv_2)
     2    0.01                           _37886_ (net)
                  0.06    0.00  176.58 v _64931_/B1 (sky130_fd_sc_hd__o21ai_2)
                  0.21    0.10  176.68 ^ _64931_/Y (sky130_fd_sc_hd__o21ai_2)
     2    0.01                           _37887_ (net)
                  0.21    0.00  176.68 ^ _64963_/A (sky130_fd_sc_hd__inv_2)
                  0.06    0.12  176.80 v _64963_/Y (sky130_fd_sc_hd__inv_2)
     2    0.01                           _37904_ (net)
                  0.06    0.00  176.80 v _64964_/B1 (sky130_fd_sc_hd__o21ai_2)
                  0.21    0.10  176.90 ^ _64964_/Y (sky130_fd_sc_hd__o21ai_2)
     2    0.01                           _37905_ (net)
                  0.21    0.00  176.90 ^ _64985_/A (sky130_fd_sc_hd__inv_2)
                  0.06    0.12  177.02 v _64985_/Y (sky130_fd_sc_hd__inv_2)
     2    0.01                           _37914_ (net)
                  0.06    0.00  177.02 v _64986_/B1 (sky130_fd_sc_hd__o21ai_2)
                  0.21    0.10  177.12 ^ _64986_/Y (sky130_fd_sc_hd__o21ai_2)
     2    0.01                           _37915_ (net)
                  0.21    0.00  177.12 ^ _65004_/A (sky130_fd_sc_hd__inv_2)
                  0.06    0.12  177.24 v _65004_/Y (sky130_fd_sc_hd__inv_2)
     2    0.01                           _37922_ (net)
                  0.06    0.00  177.24 v _65006_/B1 (sky130_fd_sc_hd__o21ai_2)
                  0.21    0.10  177.34 ^ _65006_/Y (sky130_fd_sc_hd__o21ai_2)
     2    0.01                           _37924_ (net)
                  0.21    0.00  177.34 ^ _65035_/A (sky130_fd_sc_hd__inv_2)
                  0.06    0.12  177.46 v _65035_/Y (sky130_fd_sc_hd__inv_2)
     2    0.01                           _37939_ (net)
                  0.06    0.00  177.46 v _65036_/B1 (sky130_fd_sc_hd__o21ai_2)
                  0.21    0.10  177.56 ^ _65036_/Y (sky130_fd_sc_hd__o21ai_2)
     2    0.01                           _37940_ (net)
                  0.21    0.00  177.56 ^ _65067_/A (sky130_fd_sc_hd__inv_2)
                  0.06    0.12  177.68 v _65067_/Y (sky130_fd_sc_hd__inv_2)
     2    0.01                           _37956_ (net)
                  0.06    0.00  177.68 v _65068_/B1 (sky130_fd_sc_hd__o21ai_2)
                  0.21    0.10  177.78 ^ _65068_/Y (sky130_fd_sc_hd__o21ai_2)
     2    0.01                           _37957_ (net)
                  0.21    0.00  177.78 ^ _65100_/A (sky130_fd_sc_hd__inv_2)
                  0.06    0.12  177.90 v _65100_/Y (sky130_fd_sc_hd__inv_2)
     2    0.01                           _37974_ (net)
                  0.06    0.00  177.90 v _65101_/B1 (sky130_fd_sc_hd__o21ai_2)
                  0.21    0.10  178.00 ^ _65101_/Y (sky130_fd_sc_hd__o21ai_2)
     2    0.01                           _37975_ (net)
                  0.21    0.00  178.00 ^ _65133_/A (sky130_fd_sc_hd__inv_2)
                  0.06    0.12  178.12 v _65133_/Y (sky130_fd_sc_hd__inv_2)
     2    0.01                           _37991_ (net)
                  0.06    0.00  178.12 v _65134_/B1 (sky130_fd_sc_hd__o21ai_2)
                  0.21    0.10  178.22 ^ _65134_/Y (sky130_fd_sc_hd__o21ai_2)
     2    0.01                           _37992_ (net)
                  0.21    0.00  178.22 ^ _65163_/A (sky130_fd_sc_hd__inv_2)
                  0.06    0.12  178.34 v _65163_/Y (sky130_fd_sc_hd__inv_2)
     2    0.01                           _38008_ (net)
                  0.06    0.00  178.34 v _65164_/B1 (sky130_fd_sc_hd__o21ai_2)
                  0.21    0.10  178.44 ^ _65164_/Y (sky130_fd_sc_hd__o21ai_2)
     2    0.01                           _38009_ (net)
                  0.21    0.00  178.44 ^ _65191_/A (sky130_fd_sc_hd__inv_2)
                  0.06    0.12  178.56 v _65191_/Y (sky130_fd_sc_hd__inv_2)
     2    0.01                           _38022_ (net)
                  0.06    0.00  178.56 v _65192_/B1 (sky130_fd_sc_hd__o21ai_2)
                  0.21    0.10  178.66 ^ _65192_/Y (sky130_fd_sc_hd__o21ai_2)
     2    0.01                           _38023_ (net)
                  0.21    0.00  178.66 ^ _65220_/A (sky130_fd_sc_hd__inv_2)
                  0.06    0.12  178.78 v _65220_/Y (sky130_fd_sc_hd__inv_2)
     2    0.01                           _38038_ (net)
                  0.06    0.00  178.78 v _65221_/B1 (sky130_fd_sc_hd__o21ai_2)
                  0.21    0.10  178.88 ^ _65221_/Y (sky130_fd_sc_hd__o21ai_2)
     2    0.01                           _38039_ (net)
                  0.21    0.00  178.88 ^ _65251_/A (sky130_fd_sc_hd__inv_2)
                  0.06    0.12  179.00 v _65251_/Y (sky130_fd_sc_hd__inv_2)
     2    0.01                           _38055_ (net)
                  0.06    0.00  179.00 v _65252_/B1 (sky130_fd_sc_hd__o21ai_2)
                  0.25    0.12  179.11 ^ _65252_/Y (sky130_fd_sc_hd__o21ai_2)
     3    0.01                           _38056_ (net)
                  0.25    0.00  179.11 ^ _65283_/B1 (sky130_fd_sc_hd__a21oi_2)
                  0.12    0.16  179.27 v _65283_/Y (sky130_fd_sc_hd__a21oi_2)
     3    0.01                           _38076_ (net)
                  0.12    0.00  179.27 v _65316_/A (sky130_fd_sc_hd__nand2_2)
                  0.14    0.17  179.44 ^ _65316_/Y (sky130_fd_sc_hd__nand2_2)
     3    0.01                           _38095_ (net)
                  0.14    0.00  179.44 ^ _65348_/B (sky130_fd_sc_hd__nor2_2)
                  0.08    0.11  179.55 v _65348_/Y (sky130_fd_sc_hd__nor2_2)
     3    0.01                           _38116_ (net)
                  0.08    0.00  179.55 v _65375_/B1 (sky130_fd_sc_hd__o21ai_2)
                  0.23    0.12  179.67 ^ _65375_/Y (sky130_fd_sc_hd__o21ai_2)
     3    0.01                           _38132_ (net)
                  0.23    0.00  179.67 ^ _65404_/A (sky130_fd_sc_hd__or2_2)
                  0.10    0.29  179.96 ^ _65404_/X (sky130_fd_sc_hd__or2_2)
     2    0.01                           _38150_ (net)
                  0.10    0.00  179.96 ^ _65405_/A (sky130_fd_sc_hd__inv_2)
                  0.04    0.08  180.04 v _65405_/Y (sky130_fd_sc_hd__inv_2)
     2    0.01                           _38151_ (net)
                  0.04    0.00  180.04 v _65434_/B1 (sky130_fd_sc_hd__o21a_2)
                  0.10    0.23  180.27 v _65434_/X (sky130_fd_sc_hd__o21a_2)
     3    0.01                           _38168_ (net)
                  0.10    0.00  180.27 v _65460_/B1 (sky130_fd_sc_hd__o21ai_2)
                  0.29    0.15  180.42 ^ _65460_/Y (sky130_fd_sc_hd__o21ai_2)
     3    0.01                           _38183_ (net)
                  0.29    0.00  180.42 ^ _65485_/B1 (sky130_fd_sc_hd__a21oi_2)
                  0.14    0.16  180.58 v _65485_/Y (sky130_fd_sc_hd__a21oi_2)
     3    0.01                           _38196_ (net)
                  0.14    0.00  180.58 v _65511_/A3 (sky130_fd_sc_hd__o32a_2)
                  0.13    0.65  181.23 v _65511_/X (sky130_fd_sc_hd__o32a_2)
     2    0.01                           _38212_ (net)
                  0.13    0.00  181.23 v _65512_/A2 (sky130_fd_sc_hd__o21a_2)
                  0.05    0.36  181.60 v _65512_/X (sky130_fd_sc_hd__o21a_2)
     1    0.00                           _10551_ (net)
                  0.05    0.00  181.60 v _80958_/A1 (sky130_fd_sc_hd__mux4_1)
                  0.14    1.08  182.67 v _80958_/X (sky130_fd_sc_hd__mux4_1)
     1    0.00                           _10558_ (net)
                  0.14    0.00  182.67 v _77939_/A0 (sky130_fd_sc_hd__mux2_1)
                  0.10    0.64  183.31 v _77939_/X (sky130_fd_sc_hd__mux2_1)
     1    0.00                           _10559_ (net)
                  0.10    0.00  183.31 v _77940_/A1 (sky130_fd_sc_hd__mux2_1)
                  0.11    0.65  183.96 v _77940_/X (sky130_fd_sc_hd__mux2_1)
     1    0.00                           u_top.u_core.id_stage_i.rf_wdata_id_o[30] (net)
                  0.11    0.00  183.96 v _53410_/B1 (sky130_fd_sc_hd__a22o_2)
                  0.06    0.38  184.34 v _53410_/X (sky130_fd_sc_hd__a22o_2)
     1    0.00                           _18909_ (net)
                  0.06    0.00  184.34 v _81756_/D (sky130_fd_sc_hd__dfxtp_2)
                                184.34   data arrival time

                  0.00   20.00   20.00   clock clk_i (rise edge)
                          0.00   20.00   clock network delay (ideal)
                          0.00   20.00   clock reconvergence pessimism
                                 20.00 ^ _81756_/CLK (sky130_fd_sc_hd__dfxtp_2)
                         -0.29   19.71   library setup time
                                 19.71   data required time
-----------------------------------------------------------------------------
                                 19.71   data required time
                               -184.34   data arrival time
-----------------------------------------------------------------------------
                               -164.63   slack (VIOLATED)


