
29. Printing statistics.

=== azadi_soc_top ===

   Number of wires:              46408
   Number of wire bits:          46504
   Number of public wires:        7475
   Number of public wire bits:    7571
   Number of memories:               0
   Number of memory bits:            0
   Number of processes:              0
   Number of cells:              46463
     sky130_fd_sc_hd__a2111o_2      28
     sky130_fd_sc_hd__a2111oi_2      3
     sky130_fd_sc_hd__a211o_2       75
     sky130_fd_sc_hd__a211o_4        1
     sky130_fd_sc_hd__a211oi_2      37
     sky130_fd_sc_hd__a21bo_2      233
     sky130_fd_sc_hd__a21bo_4        4
     sky130_fd_sc_hd__a21boi_2      26
     sky130_fd_sc_hd__a21o_2       208
     sky130_fd_sc_hd__a21oi_2      238
     sky130_fd_sc_hd__a221o_2      161
     sky130_fd_sc_hd__a221oi_2       3
     sky130_fd_sc_hd__a22o_2      2814
     sky130_fd_sc_hd__a22oi_2       16
     sky130_fd_sc_hd__a2bb2o_2    1065
     sky130_fd_sc_hd__a2bb2o_4      10
     sky130_fd_sc_hd__a2bb2oi_2     25
     sky130_fd_sc_hd__a311o_2        3
     sky130_fd_sc_hd__a311oi_2       2
     sky130_fd_sc_hd__a31o_2       155
     sky130_fd_sc_hd__a31oi_2      109
     sky130_fd_sc_hd__a32o_2       256
     sky130_fd_sc_hd__a41o_2        16
     sky130_fd_sc_hd__and2_2       330
     sky130_fd_sc_hd__and2_4         2
     sky130_fd_sc_hd__and2b_2       40
     sky130_fd_sc_hd__and3_2       145
     sky130_fd_sc_hd__and3_4         1
     sky130_fd_sc_hd__and3b_2        6
     sky130_fd_sc_hd__and4_2       207
     sky130_fd_sc_hd__and4b_2       17
     sky130_fd_sc_hd__and4b_4        1
     sky130_fd_sc_hd__buf_1       5802
     sky130_fd_sc_hd__buf_2          4
     sky130_fd_sc_hd__buf_4          3
     sky130_fd_sc_hd__buf_6          3
     sky130_fd_sc_hd__bufinv_8       9
     sky130_fd_sc_hd__conb_1        28
     sky130_fd_sc_hd__dfrtp_2     4823
     sky130_fd_sc_hd__dfstp_2      109
     sky130_fd_sc_hd__dfxtp_2     1380
     sky130_fd_sc_hd__dlclkp_1       1
     sky130_fd_sc_hd__inv_2       6233
     sky130_fd_sc_hd__inv_4          1
     sky130_fd_sc_hd__mux2_1      7899
     sky130_fd_sc_hd__mux2_2       244
     sky130_fd_sc_hd__mux4_1      1947
     sky130_fd_sc_hd__nand2_2      496
     sky130_fd_sc_hd__nand2b_2      37
     sky130_fd_sc_hd__nand2b_4       1
     sky130_fd_sc_hd__nand3_2        2
     sky130_fd_sc_hd__nand3b_2       3
     sky130_fd_sc_hd__nand4_2        6
     sky130_fd_sc_hd__nand4b_2       2
     sky130_fd_sc_hd__nor2_2      1398
     sky130_fd_sc_hd__nor2b_2      200
     sky130_fd_sc_hd__nor3_2        68
     sky130_fd_sc_hd__nor3b_2        3
     sky130_fd_sc_hd__nor4_2        18
     sky130_fd_sc_hd__o2111a_2      28
     sky130_fd_sc_hd__o2111ai_2      5
     sky130_fd_sc_hd__o211a_2      139
     sky130_fd_sc_hd__o211ai_2      44
     sky130_fd_sc_hd__o21a_2       392
     sky130_fd_sc_hd__o21ai_2      385
     sky130_fd_sc_hd__o21ba_2      173
     sky130_fd_sc_hd__o21bai_2       4
     sky130_fd_sc_hd__o221a_2      851
     sky130_fd_sc_hd__o221ai_2     135
     sky130_fd_sc_hd__o22a_2      1683
     sky130_fd_sc_hd__o22ai_2      660
     sky130_fd_sc_hd__o2bb2a_2     149
     sky130_fd_sc_hd__o2bb2ai_2      2
     sky130_fd_sc_hd__o311a_2       41
     sky130_fd_sc_hd__o31a_2        71
     sky130_fd_sc_hd__o31ai_2        4
     sky130_fd_sc_hd__o32a_2       392
     sky130_fd_sc_hd__o41a_2        14
     sky130_fd_sc_hd__or2_2       3163
     sky130_fd_sc_hd__or2_4         56
     sky130_fd_sc_hd__or2b_2        65
     sky130_fd_sc_hd__or3_2        444
     sky130_fd_sc_hd__or3_4          6
     sky130_fd_sc_hd__or3b_2       139
     sky130_fd_sc_hd__or3b_4         1
     sky130_fd_sc_hd__or4_2        397
     sky130_fd_sc_hd__or4_4          3
     sky130_fd_sc_hd__or4b_2        50
     sky130_fd_sc_hd__or4b_4         3
     sky130_fd_sc_hd__or4bb_2        7

   Chip area for module '\azadi_soc_top': 510321.939200

