
29. Printing statistics.

=== azadi_soc_top ===

   Number of wires:              46171
   Number of wire bits:          46282
   Number of public wires:        7440
   Number of public wire bits:    7551
   Number of memories:               0
   Number of memory bits:            0
   Number of processes:              0
   Number of cells:              46225
     sky130_fd_sc_hd__a2111o_2      29
     sky130_fd_sc_hd__a2111oi_2      2
     sky130_fd_sc_hd__a211o_2       83
     sky130_fd_sc_hd__a211o_4        1
     sky130_fd_sc_hd__a211oi_2      38
     sky130_fd_sc_hd__a21bo_2      227
     sky130_fd_sc_hd__a21bo_4        1
     sky130_fd_sc_hd__a21boi_2      27
     sky130_fd_sc_hd__a21o_2       211
     sky130_fd_sc_hd__a21oi_2      248
     sky130_fd_sc_hd__a221o_2      177
     sky130_fd_sc_hd__a221oi_2       4
     sky130_fd_sc_hd__a22o_2      3241
     sky130_fd_sc_hd__a22oi_2       16
     sky130_fd_sc_hd__a2bb2o_2    1056
     sky130_fd_sc_hd__a2bb2o_4       8
     sky130_fd_sc_hd__a2bb2oi_2     27
     sky130_fd_sc_hd__a311o_2        3
     sky130_fd_sc_hd__a31o_2       159
     sky130_fd_sc_hd__a31o_4         1
     sky130_fd_sc_hd__a31oi_2      104
     sky130_fd_sc_hd__a32o_2       259
     sky130_fd_sc_hd__a41o_2        14
     sky130_fd_sc_hd__and2_2       322
     sky130_fd_sc_hd__and2_4         1
     sky130_fd_sc_hd__and2b_2       41
     sky130_fd_sc_hd__and3_2       151
     sky130_fd_sc_hd__and3b_2        6
     sky130_fd_sc_hd__and4_2       224
     sky130_fd_sc_hd__and4b_2       10
     sky130_fd_sc_hd__and4bb_2       1
     sky130_fd_sc_hd__buf_1       5681
     sky130_fd_sc_hd__buf_2         10
     sky130_fd_sc_hd__buf_4          6
     sky130_fd_sc_hd__bufinv_8       1
     sky130_fd_sc_hd__conb_1        28
     sky130_fd_sc_hd__dfrtp_2     4779
     sky130_fd_sc_hd__dfstp_2      106
     sky130_fd_sc_hd__dfxtp_2     1381
     sky130_fd_sc_hd__dlclkp_1       1
     sky130_fd_sc_hd__inv_12         4
     sky130_fd_sc_hd__inv_2       6221
     sky130_fd_sc_hd__inv_4          4
     sky130_fd_sc_hd__mux2_1      7903
     sky130_fd_sc_hd__mux2_2       235
     sky130_fd_sc_hd__mux4_1      1945
     sky130_fd_sc_hd__nand2_2      526
     sky130_fd_sc_hd__nand2b_2      39
     sky130_fd_sc_hd__nand2b_4       1
     sky130_fd_sc_hd__nand3_2        1
     sky130_fd_sc_hd__nand3b_2       2
     sky130_fd_sc_hd__nand4_2        6
     sky130_fd_sc_hd__nand4b_2       1
     sky130_fd_sc_hd__nor2_2      1375
     sky130_fd_sc_hd__nor2b_2      200
     sky130_fd_sc_hd__nor3_2        63
     sky130_fd_sc_hd__nor3b_2        2
     sky130_fd_sc_hd__nor4_2        12
     sky130_fd_sc_hd__o2111a_2      28
     sky130_fd_sc_hd__o2111ai_2      7
     sky130_fd_sc_hd__o211a_2      135
     sky130_fd_sc_hd__o211ai_2      42
     sky130_fd_sc_hd__o21a_2       403
     sky130_fd_sc_hd__o21ai_2      377
     sky130_fd_sc_hd__o21ba_2      179
     sky130_fd_sc_hd__o21bai_2       2
     sky130_fd_sc_hd__o221a_2      859
     sky130_fd_sc_hd__o221ai_2     117
     sky130_fd_sc_hd__o22a_2      1639
     sky130_fd_sc_hd__o22ai_2      231
     sky130_fd_sc_hd__o2bb2a_2     143
     sky130_fd_sc_hd__o2bb2ai_2      7
     sky130_fd_sc_hd__o311a_2       41
     sky130_fd_sc_hd__o31a_2        75
     sky130_fd_sc_hd__o31ai_2        4
     sky130_fd_sc_hd__o32a_2       394
     sky130_fd_sc_hd__o41a_2        15
     sky130_fd_sc_hd__or2_2       3180
     sky130_fd_sc_hd__or2_4         48
     sky130_fd_sc_hd__or2b_2        60
     sky130_fd_sc_hd__or3_2        422
     sky130_fd_sc_hd__or3_4          8
     sky130_fd_sc_hd__or3b_2       135
     sky130_fd_sc_hd__or3b_4         3
     sky130_fd_sc_hd__or4_2        385
     sky130_fd_sc_hd__or4_4          9
     sky130_fd_sc_hd__or4b_2        41
     sky130_fd_sc_hd__or4b_4         2
     sky130_fd_sc_hd__or4bb_2        9

   Chip area for module '\azadi_soc_top': 506693.459200

