[INFO]: Current run directory is /openLANE_flow/designs/azadi-openlane/runs/blockram-2
[INFO]: Preparing LEF Files
[INFO]: Extracting the number of available metal layers from /home/merl-tools/openlane-v0.15/pdk/sky130A/libs.ref/sky130_fd_sc_hd/techlef/sky130_fd_sc_hd.tlef
[INFO]: The number of available metal layers is 6
[INFO]: The available metal layers are li1 met1 met2 met3 met4 met5
[INFO]: Merging LEF Files...
[INFO]: Merging the following extra LEFs: /openLANE_flow/designs/azadi-openlane/macros/lef/sky130_sram_4kbyte_1rw1r_32x1024_8.lef /openLANE_flow/designs/azadi-openlane/macros/lef/sky130_sram_8kbyte_1rw1r_32x2048_8.lef
[INFO]: Trimming Liberty...
[INFO]: Generating Exclude List...
[INFO]: Storing configs into config.tcl ...
[INFO]: Preparation complete
[INFO]: Running Synthesis...
[INFO]: current step index: 1
[INFO]: Changing netlist from 0 to /openLANE_flow/designs/azadi-openlane/runs/blockram-2/results/synthesis/azadi_soc_top.synthesis.v
[INFO]: Running Static Timing Analysis...
[INFO]: current step index: 2
[INFO]: Synthesis was successful
[INFO]: Running Initial Floorplanning...
[INFO]: current step index: 3
[INFO]: Core area width: 2026.76
[INFO]: Core area height: 2026.3999999999999
[INFO]: Changing layout from 0 to /openLANE_flow/designs/azadi-openlane/runs/blockram-2/tmp/floorplan/3-verilog2def_openroad.def
[INFO]:  Adding Macro Placement...
[INFO]:  Adding Macro Placement...
[INFO]:  Manual Macro Placement...
[INFO]: current step index: 4
[INFO]: Changing layout from /openLANE_flow/designs/azadi-openlane/runs/blockram-2/tmp/floorplan/3-verilog2def_openroad.def to /openLANE_flow/designs/azadi-openlane/runs/blockram-2/tmp/floorplan/3-verilog2def_openroad.macro_placement.def
[INFO]: Running IO Placement...
[INFO]: current step index: 5
[INFO]: Changing layout from /openLANE_flow/designs/azadi-openlane/runs/blockram-2/tmp/floorplan/3-verilog2def_openroad.macro_placement.def to /openLANE_flow/designs/azadi-openlane/runs/blockram-2/tmp/floorplan/5-ioPlacer.def
[INFO]: Running Tap/Decap Insertion...
[INFO]: current step index: 6
[INFO]: Changing layout from /openLANE_flow/designs/azadi-openlane/runs/blockram-2/tmp/floorplan/5-ioPlacer.def to /openLANE_flow/designs/azadi-openlane/runs/blockram-2/results/floorplan/azadi_soc_top.floorplan.def
[INFO]: Generating PDN...
[INFO]: current step index: 7
[INFO]: PDN generation was successful.
[INFO]: Changing layout from /openLANE_flow/designs/azadi-openlane/runs/blockram-2/results/floorplan/azadi_soc_top.floorplan.def to /openLANE_flow/designs/azadi-openlane/runs/blockram-2/tmp/floorplan/7-pdn.def
[INFO]: Writing Powered Verilog...
[INFO]: current step index: 8
[INFO]: Writing Verilog...
[INFO]: current step index: 9
[INFO]: Rewriting /openLANE_flow/designs/azadi-openlane/runs/blockram-2/results/lvs/azadi_soc_top.lvs.powered.v into /openLANE_flow/designs/azadi-openlane/runs/blockram-2/results/lvs/azadi_soc_top.lvs.powered.v
[INFO]: current step index: 10
[INFO]: Changing netlist from /openLANE_flow/designs/azadi-openlane/runs/blockram-2/results/synthesis/azadi_soc_top.synthesis.v to /openLANE_flow/designs/azadi-openlane/runs/blockram-2/results/lvs/azadi_soc_top.lvs.powered.v
[INFO]: Running Global Placement...
[INFO]: current step index: 11
[INFO]: Global placement was successful
[INFO]: Changing layout from /openLANE_flow/designs/azadi-openlane/runs/blockram-2/tmp/floorplan/7-pdn.def to /openLANE_flow/designs/azadi-openlane/runs/blockram-2/tmp/placement/11-replace.def
[INFO]: Running Detailed Placement...
[INFO]: current step index: 12
